This is XeTeX, Version 3.14159265-2.6-0.999991 (MiKTeX 2.9.7200 64-bit) (preloaded format=xelatex 2019.10.1)  10 DEC 2019 14:52
entering extended mode
**./13_uncertainty_2.tex
(13_uncertainty_2.tex
LaTeX2e <2018-12-01>
(C:\Users\kilgore\AppData\Roaming\MiKTeX\2.9\tex/latex/beamer\beamer.cls
Document Class: beamer 2019/07/23 v3.56 A class for typesetting presentations

(C:\Users\kilgore\AppData\Roaming\MiKTeX\2.9\tex/latex/beamer\beamerbasemodes.s
ty (C:\Users\kilgore\AppData\Roaming\MiKTeX\2.9\tex/latex/etoolbox\etoolbox.sty
Package: etoolbox 2019/09/21 v2.5h e-TeX tools for LaTeX (JAW)
\etb@tempcnta=\count80
)
\beamer@tempbox=\box27
\beamer@tempcount=\count81
\c@beamerpauses=\count82

(C:\Users\kilgore\AppData\Roaming\MiKTeX\2.9\tex/latex/beamer\beamerbasedecode.
sty
\beamer@slideinframe=\count83
\beamer@minimum=\count84
\beamer@decode@box=\box28
)
\beamer@commentbox=\box29
\beamer@modecount=\count85
) ("C:\Program Files\MiKTeX 2.9\tex/generic/oberdiek\ifpdf.sty"
Package: ifpdf 2018/09/07 v3.3 Provides the ifpdf switch
)
\headdp=\dimen102
\footheight=\dimen103
\sidebarheight=\dimen104
\beamer@tempdim=\dimen105
\beamer@finalheight=\dimen106
\beamer@animht=\dimen107
\beamer@animdp=\dimen108
\beamer@animwd=\dimen109
\beamer@leftmargin=\dimen110
\beamer@rightmargin=\dimen111
\beamer@leftsidebar=\dimen112
\beamer@rightsidebar=\dimen113
\beamer@boxsize=\dimen114
\beamer@vboxoffset=\dimen115
\beamer@descdefault=\dimen116
\beamer@descriptionwidth=\dimen117
\beamer@lastskip=\skip41
\beamer@areabox=\box30
\beamer@animcurrent=\box31
\beamer@animshowbox=\box32
\beamer@sectionbox=\box33
\beamer@logobox=\box34
\beamer@linebox=\box35
\beamer@sectioncount=\count86
\beamer@subsubsectionmax=\count87
\beamer@subsectionmax=\count88
\beamer@sectionmax=\count89
\beamer@totalheads=\count90
\beamer@headcounter=\count91
\beamer@partstartpage=\count92
\beamer@sectionstartpage=\count93
\beamer@subsectionstartpage=\count94
\beamer@animationtempa=\count95
\beamer@animationtempb=\count96
\beamer@xpos=\count97
\beamer@ypos=\count98
\beamer@ypos@offset=\count99
\beamer@showpartnumber=\count100
\beamer@currentsubsection=\count101
\beamer@coveringdepth=\count102
\beamer@sectionadjust=\count103
\beamer@tocsectionnumber=\count104

(C:\Users\kilgore\AppData\Roaming\MiKTeX\2.9\tex/latex/beamer\beamerbaseoptions
.sty ("C:\Program Files\MiKTeX 2.9\tex/latex/graphics\keyval.sty"
Package: keyval 2014/10/28 v1.15 key=value parser (DPC)
\KV@toks@=\toks14
))
\beamer@paperwidth=\skip42
\beamer@paperheight=\skip43
("C:\Program Files\MiKTeX 2.9\tex/latex/geometry\geometry.sty"
Package: geometry 2018/04/16 v5.8 Page Geometry
("C:\Program Files\MiKTeX 2.9\tex/generic/oberdiek\ifvtex.sty"
Package: ifvtex 2016/05/16 v1.6 Detect VTeX and its facilities (HO)
Package ifvtex Info: VTeX not detected.
) ("C:\Program Files\MiKTeX 2.9\tex/generic/ifxetex\ifxetex.sty"
Package: ifxetex 2010/09/12 v0.6 Provides ifxetex conditional
)
\Gm@cnth=\count105
\Gm@cntv=\count106
\c@Gm@tempcnt=\count107
\Gm@bindingoffset=\dimen118
\Gm@wd@mp=\dimen119
\Gm@odd@mp=\dimen120
\Gm@even@mp=\dimen121
\Gm@layoutwidth=\dimen122
\Gm@layoutheight=\dimen123
\Gm@layouthoffset=\dimen124
\Gm@layoutvoffset=\dimen125
\Gm@dimlist=\toks15
("C:\Program Files\MiKTeX 2.9\tex/xelatex/xetexconfig\geometry.cfg")) ("C:\Prog
ram Files\MiKTeX 2.9\tex/latex/base\size11.clo"
File: size11.clo 2018/09/03 v1.4i Standard LaTeX file (size option)
)
(C:\Users\kilgore\AppData\Roaming\MiKTeX\2.9\tex/latex/pgf/basiclayer\pgfcore.s
ty ("C:\Program Files\MiKTeX 2.9\tex/latex/graphics\graphicx.sty"
Package: graphicx 2017/06/01 v1.1a Enhanced LaTeX Graphics (DPC,SPQR)
("C:\Program Files\MiKTeX 2.9\tex/latex/graphics\graphics.sty"
Package: graphics 2017/06/25 v1.2c Standard LaTeX Graphics (DPC,SPQR)
("C:\Program Files\MiKTeX 2.9\tex/latex/graphics\trig.sty"
Package: trig 2016/01/03 v1.10 sin cos tan (DPC)
) ("C:\Program Files\MiKTeX 2.9\tex/latex/graphics-cfg\graphics.cfg"
File: graphics.cfg 2016/06/04 v1.11 sample graphics configuration
)
Package graphics Info: Driver file: xetex.def on input line 99.
("C:\Program Files\MiKTeX 2.9\tex/latex/graphics-def\xetex.def"
File: xetex.def 2017/06/24 v5.0h Graphics/color driver for xetex
))
\Gin@req@height=\dimen126
\Gin@req@width=\dimen127
)
(C:\Users\kilgore\AppData\Roaming\MiKTeX\2.9\tex/latex/pgf/systemlayer\pgfsys.s
ty
(C:\Users\kilgore\AppData\Roaming\MiKTeX\2.9\tex/latex/pgf/utilities\pgfrcs.sty

(C:\Users\kilgore\AppData\Roaming\MiKTeX\2.9\tex/generic/pgf/utilities\pgfutil-
common.tex
\pgfutil@everybye=\toks16
\pgfutil@tempdima=\dimen128
\pgfutil@tempdimb=\dimen129

(C:\Users\kilgore\AppData\Roaming\MiKTeX\2.9\tex/generic/pgf/utilities\pgfutil-
common-lists.tex))
(C:\Users\kilgore\AppData\Roaming\MiKTeX\2.9\tex/generic/pgf/utilities\pgfutil-
latex.def
\pgfutil@abb=\box36
(C:\Users\kilgore\AppData\Roaming\MiKTeX\2.9\tex/latex/ms\everyshi.sty
Package: everyshi 2001/05/15 v3.00 EveryShipout Package (MS)
))
(C:\Users\kilgore\AppData\Roaming\MiKTeX\2.9\tex/generic/pgf/utilities\pgfrcs.c
ode.tex (C:\Users\kilgore\AppData\Roaming\MiKTeX\2.9\tex/generic/pgf\pgf.revisi
on.tex)
Package: pgfrcs 2019/08/03 v3.1.4b (3.1.4b)
))
(C:\Users\kilgore\AppData\Roaming\MiKTeX\2.9\tex/generic/pgf/systemlayer\pgfsys
.code.tex
Package: pgfsys 2019/08/03 v3.1.4b (3.1.4b)

(C:\Users\kilgore\AppData\Roaming\MiKTeX\2.9\tex/generic/pgf/utilities\pgfkeys.
code.tex
\pgfkeys@pathtoks=\toks17
\pgfkeys@temptoks=\toks18

(C:\Users\kilgore\AppData\Roaming\MiKTeX\2.9\tex/generic/pgf/utilities\pgfkeysf
iltered.code.tex
\pgfkeys@tmptoks=\toks19
))
\pgf@x=\dimen130
\pgf@y=\dimen131
\pgf@xa=\dimen132
\pgf@ya=\dimen133
\pgf@xb=\dimen134
\pgf@yb=\dimen135
\pgf@xc=\dimen136
\pgf@yc=\dimen137
\pgf@xd=\dimen138
\pgf@yd=\dimen139
\w@pgf@writea=\write3
\r@pgf@reada=\read1
\c@pgf@counta=\count108
\c@pgf@countb=\count109
\c@pgf@countc=\count110
\c@pgf@countd=\count111
\t@pgf@toka=\toks20
\t@pgf@tokb=\toks21
\t@pgf@tokc=\toks22
\pgf@sys@id@count=\count112

(C:\Users\kilgore\AppData\Roaming\MiKTeX\2.9\tex/generic/pgf/systemlayer\pgf.cf
g
File: pgf.cfg 2019/08/03 v3.1.4b (3.1.4b)
)
Driver file for pgf: pgfsys-xetex.def

(C:\Users\kilgore\AppData\Roaming\MiKTeX\2.9\tex/generic/pgf/systemlayer\pgfsys
-xetex.def
File: pgfsys-xetex.def 2019/08/03 v3.1.4b (3.1.4b)

(C:\Users\kilgore\AppData\Roaming\MiKTeX\2.9\tex/generic/pgf/systemlayer\pgfsys
-dvipdfmx.def
File: pgfsys-dvipdfmx.def 2019/08/03 v3.1.4b (3.1.4b)

(C:\Users\kilgore\AppData\Roaming\MiKTeX\2.9\tex/generic/pgf/systemlayer\pgfsys
-common-pdf.def
File: pgfsys-common-pdf.def 2019/08/03 v3.1.4b (3.1.4b)
)
\pgfsys@objnum=\count113
)))
(C:\Users\kilgore\AppData\Roaming\MiKTeX\2.9\tex/generic/pgf/systemlayer\pgfsys
softpath.code.tex
File: pgfsyssoftpath.code.tex 2019/08/03 v3.1.4b (3.1.4b)
\pgfsyssoftpath@smallbuffer@items=\count114
\pgfsyssoftpath@bigbuffer@items=\count115
)
(C:\Users\kilgore\AppData\Roaming\MiKTeX\2.9\tex/generic/pgf/systemlayer\pgfsys
protocol.code.tex
File: pgfsysprotocol.code.tex 2019/08/03 v3.1.4b (3.1.4b)
)) (C:\Users\kilgore\AppData\Roaming\MiKTeX\2.9\tex/latex/xcolor\xcolor.sty
Package: xcolor 2016/05/11 v2.12 LaTeX color extensions (UK)
("C:\Program Files\MiKTeX 2.9\tex/latex/graphics-cfg\color.cfg"
File: color.cfg 2016/01/02 v1.6 sample color configuration
)
Package xcolor Info: Driver file: xetex.def on input line 225.
Package xcolor Info: Model `cmy' substituted by `cmy0' on input line 1348.
Package xcolor Info: Model `RGB' extended on input line 1364.
Package xcolor Info: Model `HTML' substituted by `rgb' on input line 1366.
Package xcolor Info: Model `Hsb' substituted by `hsb' on input line 1367.
Package xcolor Info: Model `tHsb' substituted by `hsb' on input line 1368.
Package xcolor Info: Model `HSB' substituted by `hsb' on input line 1369.
Package xcolor Info: Model `Gray' substituted by `gray' on input line 1370.
Package xcolor Info: Model `wave' substituted by `hsb' on input line 1371.
)
(C:\Users\kilgore\AppData\Roaming\MiKTeX\2.9\tex/generic/pgf/basiclayer\pgfcore
.code.tex
Package: pgfcore 2019/08/03 v3.1.4b (3.1.4b)

(C:\Users\kilgore\AppData\Roaming\MiKTeX\2.9\tex/generic/pgf/math\pgfmath.code.
tex
(C:\Users\kilgore\AppData\Roaming\MiKTeX\2.9\tex/generic/pgf/math\pgfmathcalc.c
ode.tex
(C:\Users\kilgore\AppData\Roaming\MiKTeX\2.9\tex/generic/pgf/math\pgfmathutil.c
ode.tex)
(C:\Users\kilgore\AppData\Roaming\MiKTeX\2.9\tex/generic/pgf/math\pgfmathparser
.code.tex
\pgfmath@dimen=\dimen140
\pgfmath@count=\count116
\pgfmath@box=\box37
\pgfmath@toks=\toks23
\pgfmath@stack@operand=\toks24
\pgfmath@stack@operation=\toks25
)
(C:\Users\kilgore\AppData\Roaming\MiKTeX\2.9\tex/generic/pgf/math\pgfmathfuncti
ons.code.tex
(C:\Users\kilgore\AppData\Roaming\MiKTeX\2.9\tex/generic/pgf/math\pgfmathfuncti
ons.basic.code.tex)
(C:\Users\kilgore\AppData\Roaming\MiKTeX\2.9\tex/generic/pgf/math\pgfmathfuncti
ons.trigonometric.code.tex)
(C:\Users\kilgore\AppData\Roaming\MiKTeX\2.9\tex/generic/pgf/math\pgfmathfuncti
ons.random.code.tex)
(C:\Users\kilgore\AppData\Roaming\MiKTeX\2.9\tex/generic/pgf/math\pgfmathfuncti
ons.comparison.code.tex)
(C:\Users\kilgore\AppData\Roaming\MiKTeX\2.9\tex/generic/pgf/math\pgfmathfuncti
ons.base.code.tex)
(C:\Users\kilgore\AppData\Roaming\MiKTeX\2.9\tex/generic/pgf/math\pgfmathfuncti
ons.round.code.tex)
(C:\Users\kilgore\AppData\Roaming\MiKTeX\2.9\tex/generic/pgf/math\pgfmathfuncti
ons.misc.code.tex)
(C:\Users\kilgore\AppData\Roaming\MiKTeX\2.9\tex/generic/pgf/math\pgfmathfuncti
ons.integerarithmetics.code.tex)))
(C:\Users\kilgore\AppData\Roaming\MiKTeX\2.9\tex/generic/pgf/math\pgfmathfloat.
code.tex
\c@pgfmathroundto@lastzeros=\count117
))
(C:\Users\kilgore\AppData\Roaming\MiKTeX\2.9\tex/generic/pgf/math\pgfint.code.t
ex)
(C:\Users\kilgore\AppData\Roaming\MiKTeX\2.9\tex/generic/pgf/basiclayer\pgfcore
points.code.tex
File: pgfcorepoints.code.tex 2019/08/03 v3.1.4b (3.1.4b)
\pgf@picminx=\dimen141
\pgf@picmaxx=\dimen142
\pgf@picminy=\dimen143
\pgf@picmaxy=\dimen144
\pgf@pathminx=\dimen145
\pgf@pathmaxx=\dimen146
\pgf@pathminy=\dimen147
\pgf@pathmaxy=\dimen148
\pgf@xx=\dimen149
\pgf@xy=\dimen150
\pgf@yx=\dimen151
\pgf@yy=\dimen152
\pgf@zx=\dimen153
\pgf@zy=\dimen154
)
(C:\Users\kilgore\AppData\Roaming\MiKTeX\2.9\tex/generic/pgf/basiclayer\pgfcore
pathconstruct.code.tex
File: pgfcorepathconstruct.code.tex 2019/08/03 v3.1.4b (3.1.4b)
\pgf@path@lastx=\dimen155
\pgf@path@lasty=\dimen156
)
(C:\Users\kilgore\AppData\Roaming\MiKTeX\2.9\tex/generic/pgf/basiclayer\pgfcore
pathusage.code.tex
File: pgfcorepathusage.code.tex 2019/08/03 v3.1.4b (3.1.4b)
\pgf@shorten@end@additional=\dimen157
\pgf@shorten@start@additional=\dimen158
)
(C:\Users\kilgore\AppData\Roaming\MiKTeX\2.9\tex/generic/pgf/basiclayer\pgfcore
scopes.code.tex
File: pgfcorescopes.code.tex 2019/08/03 v3.1.4b (3.1.4b)
\pgfpic=\box38
\pgf@hbox=\box39
\pgf@layerbox@main=\box40
\pgf@picture@serial@count=\count118
)
(C:\Users\kilgore\AppData\Roaming\MiKTeX\2.9\tex/generic/pgf/basiclayer\pgfcore
graphicstate.code.tex
File: pgfcoregraphicstate.code.tex 2019/08/03 v3.1.4b (3.1.4b)
\pgflinewidth=\dimen159
)
(C:\Users\kilgore\AppData\Roaming\MiKTeX\2.9\tex/generic/pgf/basiclayer\pgfcore
transformations.code.tex
File: pgfcoretransformations.code.tex 2019/08/03 v3.1.4b (3.1.4b)
\pgf@pt@x=\dimen160
\pgf@pt@y=\dimen161
\pgf@pt@temp=\dimen162
)
(C:\Users\kilgore\AppData\Roaming\MiKTeX\2.9\tex/generic/pgf/basiclayer\pgfcore
quick.code.tex
File: pgfcorequick.code.tex 2019/08/03 v3.1.4b (3.1.4b)
)
(C:\Users\kilgore\AppData\Roaming\MiKTeX\2.9\tex/generic/pgf/basiclayer\pgfcore
objects.code.tex
File: pgfcoreobjects.code.tex 2019/08/03 v3.1.4b (3.1.4b)
)
(C:\Users\kilgore\AppData\Roaming\MiKTeX\2.9\tex/generic/pgf/basiclayer\pgfcore
pathprocessing.code.tex
File: pgfcorepathprocessing.code.tex 2019/08/03 v3.1.4b (3.1.4b)
)
(C:\Users\kilgore\AppData\Roaming\MiKTeX\2.9\tex/generic/pgf/basiclayer\pgfcore
arrows.code.tex
File: pgfcorearrows.code.tex 2019/08/03 v3.1.4b (3.1.4b)
\pgfarrowsep=\dimen163
)
(C:\Users\kilgore\AppData\Roaming\MiKTeX\2.9\tex/generic/pgf/basiclayer\pgfcore
shade.code.tex
File: pgfcoreshade.code.tex 2019/08/03 v3.1.4b (3.1.4b)
\pgf@max=\dimen164
\pgf@sys@shading@range@num=\count119
\pgf@shadingcount=\count120
)
(C:\Users\kilgore\AppData\Roaming\MiKTeX\2.9\tex/generic/pgf/basiclayer\pgfcore
image.code.tex
File: pgfcoreimage.code.tex 2019/08/03 v3.1.4b (3.1.4b)

(C:\Users\kilgore\AppData\Roaming\MiKTeX\2.9\tex/generic/pgf/basiclayer\pgfcore
external.code.tex
File: pgfcoreexternal.code.tex 2019/08/03 v3.1.4b (3.1.4b)
\pgfexternal@startupbox=\box41
))
(C:\Users\kilgore\AppData\Roaming\MiKTeX\2.9\tex/generic/pgf/basiclayer\pgfcore
layers.code.tex
File: pgfcorelayers.code.tex 2019/08/03 v3.1.4b (3.1.4b)
)
(C:\Users\kilgore\AppData\Roaming\MiKTeX\2.9\tex/generic/pgf/basiclayer\pgfcore
transparency.code.tex
File: pgfcoretransparency.code.tex 2019/08/03 v3.1.4b (3.1.4b)
)
(C:\Users\kilgore\AppData\Roaming\MiKTeX\2.9\tex/generic/pgf/basiclayer\pgfcore
patterns.code.tex
File: pgfcorepatterns.code.tex 2019/08/03 v3.1.4b (3.1.4b)
)
(C:\Users\kilgore\AppData\Roaming\MiKTeX\2.9\tex/generic/pgf/basiclayer\pgfcore
rdf.code.tex
File: pgfcorerdf.code.tex 2019/08/03 v3.1.4b (3.1.4b)
)))
(C:\Users\kilgore\AppData\Roaming\MiKTeX\2.9\tex/latex/pgf/utilities\xxcolor.st
y
Package: xxcolor 2003/10/24 ver 0.1
\XC@nummixins=\count121
\XC@countmixins=\count122
) ("C:\Program Files\MiKTeX 2.9\tex/generic/oberdiek\atbegshi.sty"
Package: atbegshi 2016/06/09 v1.18 At begin shipout hook (HO)
("C:\Program Files\MiKTeX 2.9\tex/generic/oberdiek\infwarerr.sty"
Package: infwarerr 2016/05/16 v1.4 Providing info/warning/error messages (HO)
) ("C:\Program Files\MiKTeX 2.9\tex/generic/oberdiek\ltxcmds.sty"
Package: ltxcmds 2016/05/16 v1.23 LaTeX kernel commands for general use (HO)
)) ("C:\Program Files\MiKTeX 2.9\tex/latex/hyperref\hyperref.sty"
Package: hyperref 2019/09/12 v6.88i Hypertext links for LaTeX
("C:\Program Files\MiKTeX 2.9\tex/generic/oberdiek\hobsub-hyperref.sty"
Package: hobsub-hyperref 2016/05/16 v1.14 Bundle oberdiek, subset hyperref (HO)

("C:\Program Files\MiKTeX 2.9\tex/generic/oberdiek\hobsub-generic.sty"
Package: hobsub-generic 2016/05/16 v1.14 Bundle oberdiek, subset generic (HO)
Package: hobsub 2016/05/16 v1.14 Construct package bundles (HO)
Package hobsub Info: Skipping package `infwarerr' (already loaded).
Package hobsub Info: Skipping package `ltxcmds' (already loaded).
Package: ifluatex 2016/05/16 v1.4 Provides the ifluatex switch (HO)
Package ifluatex Info: LuaTeX not detected.
Package hobsub Info: Skipping package `ifvtex' (already loaded).
Package: intcalc 2016/05/16 v1.2 Expandable calculations with integers (HO)
Package hobsub Info: Skipping package `ifpdf' (already loaded).
Package: etexcmds 2016/05/16 v1.6 Avoid name clashes with e-TeX commands (HO)
Package: kvsetkeys 2016/05/16 v1.17 Key value parser (HO)
Package: kvdefinekeys 2016/05/16 v1.4 Define keys (HO)
Package: pdftexcmds 2019/07/25 v0.30 Utility functions of pdfTeX for LuaTeX (HO
)
Package pdftexcmds Info: LuaTeX not detected.
Package pdftexcmds Info: pdfTeX >= 1.30 not detected.
Package pdftexcmds Info: \pdf@primitive is available.
Package pdftexcmds Info: \pdf@ifprimitive is available.
Package pdftexcmds Info: \pdfdraftmode not found.
Package: pdfescape 2016/05/16 v1.14 Implements pdfTeX's escape features (HO)
Package: bigintcalc 2016/05/16 v1.4 Expandable calculations on big integers (HO
)
Package: bitset 2016/05/16 v1.2 Handle bit-vector datatype (HO)
Package: uniquecounter 2016/05/16 v1.3 Provide unlimited unique counter (HO)
)
Package hobsub Info: Skipping package `hobsub' (already loaded).
Package: letltxmacro 2016/05/16 v1.5 Let assignment for LaTeX macros (HO)
Package: hopatch 2016/05/16 v1.3 Wrapper for package hooks (HO)
Package: xcolor-patch 2016/05/16 xcolor patch
Package: atveryend 2016/05/16 v1.9 Hooks at the very end of document (HO)
Package hobsub Info: Skipping package `atbegshi' (already loaded).
Package: refcount 2016/05/16 v3.5 Data extraction from label references (HO)
Package: hycolor 2016/05/16 v1.8 Color options for hyperref/bookmark (HO)
) ("C:\Program Files\MiKTeX 2.9\tex/latex/oberdiek\auxhook.sty"
Package: auxhook 2016/05/16 v1.4 Hooks for auxiliary files (HO)
) ("C:\Program Files\MiKTeX 2.9\tex/latex/oberdiek\kvoptions.sty"
Package: kvoptions 2016/05/16 v3.12 Key value format for package options (HO)
)
\@linkdim=\dimen165
\Hy@linkcounter=\count123
\Hy@pagecounter=\count124
("C:\Program Files\MiKTeX 2.9\tex/latex/hyperref\pd1enc.def"
File: pd1enc.def 2019/09/12 v6.88i Hyperref: PDFDocEncoding definition (HO)
)
\Hy@SavedSpaceFactor=\count125
("C:\Program Files\MiKTeX 2.9\tex/latex/00miktex\hyperref.cfg"
File: hyperref.cfg 2002/06/06 v1.2 hyperref configuration of TeXLive
)
Package hyperref Info: Option `unicode' set `true' on input line 4424.
("C:\Program Files\MiKTeX 2.9\tex/latex/hyperref\puenc.def"
File: puenc.def 2019/09/12 v6.88i Hyperref: PDF Unicode definition (HO)
)
Package hyperref Info: Option `bookmarks' set `true' on input line 4424.
Package hyperref Info: Option `bookmarksopen' set `true' on input line 4424.
Package hyperref Info: Option `implicit' set `false' on input line 4424.
Package hyperref Info: Hyper figures OFF on input line 4550.
Package hyperref Info: Link nesting OFF on input line 4555.
Package hyperref Info: Hyper index ON on input line 4558.
Package hyperref Info: Plain pages OFF on input line 4565.
Package hyperref Info: Backreferencing OFF on input line 4570.
Package hyperref Info: Implicit mode OFF; no redefinition of LaTeX internals.
Package hyperref Info: Bookmarks ON on input line 4803.
\c@Hy@tempcnt=\count126
(C:\Users\kilgore\AppData\Roaming\MiKTeX\2.9\tex/latex/url\url.sty
\Urlmuskip=\muskip10
Package: url 2013/09/16  ver 3.4  Verb mode for urls, etc.
)
LaTeX Info: Redefining \url on input line 5156.
\XeTeXLinkMargin=\dimen166
\Fld@menulength=\count127
\Field@Width=\dimen167
\Fld@charsize=\dimen168
Package hyperref Info: Hyper figures OFF on input line 6411.
Package hyperref Info: Link nesting OFF on input line 6416.
Package hyperref Info: Hyper index ON on input line 6419.
Package hyperref Info: backreferencing OFF on input line 6426.
Package hyperref Info: Link coloring OFF on input line 6431.
Package hyperref Info: Link coloring with OCG OFF on input line 6436.
Package hyperref Info: PDF/A mode OFF on input line 6441.
LaTeX Info: Redefining \ref on input line 6481.
LaTeX Info: Redefining \pageref on input line 6485.
\Hy@abspage=\count128

Package hyperref Message: Stopped early.

)
Package hyperref Info: Driver (autodetected): hxetex.
("C:\Program Files\MiKTeX 2.9\tex/latex/hyperref\hxetex.def"
File: hxetex.def 2019/09/12 v6.88i Hyperref driver for XeTeX
("C:\Program Files\MiKTeX 2.9\tex/generic/oberdiek\stringenc.sty"
Package: stringenc 2016/05/16 v1.11 Convert strings between diff. encodings (HO
)
)
\pdfm@box=\box42
\c@Hy@AnnotLevel=\count129
\HyField@AnnotCount=\count130
\Fld@listcount=\count131
\c@bookmark@seq@number=\count132
("C:\Program Files\MiKTeX 2.9\tex/latex/oberdiek\rerunfilecheck.sty"
Package: rerunfilecheck 2016/05/16 v1.8 Rerun checks for auxiliary files (HO)
Package uniquecounter Info: New unique counter `rerunfilecheck' on input line 2
82.
))
(C:\Users\kilgore\AppData\Roaming\MiKTeX\2.9\tex/latex/beamer\beamerbaserequire
s.sty
(C:\Users\kilgore\AppData\Roaming\MiKTeX\2.9\tex/latex/beamer\beamerbasecompati
bility.sty)
(C:\Users\kilgore\AppData\Roaming\MiKTeX\2.9\tex/latex/beamer\beamerbasefont.st
y ("C:\Program Files\MiKTeX 2.9\tex/latex/amsfonts\amssymb.sty"
Package: amssymb 2013/01/14 v3.01 AMS font symbols
("C:\Program Files\MiKTeX 2.9\tex/latex/amsfonts\amsfonts.sty"
Package: amsfonts 2013/01/14 v3.01 Basic AMSFonts support
\@emptytoks=\toks26
\symAMSa=\mathgroup4
\symAMSb=\mathgroup5
LaTeX Font Info:    Overwriting math alphabet `\mathfrak' in version `bold'
(Font)                  U/euf/m/n --> U/euf/b/n on input line 106.
))
(C:\Users\kilgore\AppData\Roaming\MiKTeX\2.9\tex/latex/sansmathaccent\sansmatha
ccent.sty
Package: sansmathaccent 2013/03/28
(C:\Users\kilgore\AppData\Roaming\MiKTeX\2.9\tex/latex/filehook\filehook.sty
Package: filehook 2019/08/19 v0.5e Hooks for input files
)))
(C:\Users\kilgore\AppData\Roaming\MiKTeX\2.9\tex/latex/beamer\beamerbasetransla
tor.sty
(C:\Users\kilgore\AppData\Roaming\MiKTeX\2.9\tex/latex/translator\translator.st
y
Package: translator 2019-05-31 v1.12a Easy translation of strings in LaTeX
))
(C:\Users\kilgore\AppData\Roaming\MiKTeX\2.9\tex/latex/beamer\beamerbasemisc.st
y)
(C:\Users\kilgore\AppData\Roaming\MiKTeX\2.9\tex/latex/beamer\beamerbasetwoscre
ens.sty)
(C:\Users\kilgore\AppData\Roaming\MiKTeX\2.9\tex/latex/beamer\beamerbaseoverlay
.sty
\beamer@argscount=\count133
\beamer@lastskipcover=\skip44
\beamer@trivlistdepth=\count134
)
(C:\Users\kilgore\AppData\Roaming\MiKTeX\2.9\tex/latex/beamer\beamerbasetitle.s
ty)
(C:\Users\kilgore\AppData\Roaming\MiKTeX\2.9\tex/latex/beamer\beamerbasesection
.sty
\c@lecture=\count135
\c@part=\count136
\c@section=\count137
\c@subsection=\count138
\c@subsubsection=\count139
)
(C:\Users\kilgore\AppData\Roaming\MiKTeX\2.9\tex/latex/beamer\beamerbaseframe.s
ty
\beamer@framebox=\box43
\beamer@frametitlebox=\box44
\beamer@zoombox=\box45
\beamer@zoomcount=\count140
\beamer@zoomframecount=\count141
\beamer@frametextheight=\dimen169
\c@subsectionslide=\count142
\beamer@frametopskip=\skip45
\beamer@framebottomskip=\skip46
\beamer@frametopskipautobreak=\skip47
\beamer@framebottomskipautobreak=\skip48
\beamer@envbody=\toks27
\framewidth=\dimen170
\c@framenumber=\count143
)
(C:\Users\kilgore\AppData\Roaming\MiKTeX\2.9\tex/latex/beamer\beamerbaseverbati
m.sty
\beamer@verbatimfileout=\write4
)
(C:\Users\kilgore\AppData\Roaming\MiKTeX\2.9\tex/latex/beamer\beamerbaseframesi
ze.sty
\beamer@splitbox=\box46
\beamer@autobreakcount=\count144
\beamer@autobreaklastheight=\dimen171
\beamer@frametitletoks=\toks28
\beamer@framesubtitletoks=\toks29
)
(C:\Users\kilgore\AppData\Roaming\MiKTeX\2.9\tex/latex/beamer\beamerbaseframeco
mponents.sty
\beamer@footins=\box47
)
(C:\Users\kilgore\AppData\Roaming\MiKTeX\2.9\tex/latex/beamer\beamerbasecolor.s
ty)
(C:\Users\kilgore\AppData\Roaming\MiKTeX\2.9\tex/latex/beamer\beamerbasenotes.s
ty
\beamer@frameboxcopy=\box48
)
(C:\Users\kilgore\AppData\Roaming\MiKTeX\2.9\tex/latex/beamer\beamerbasetoc.sty
)
(C:\Users\kilgore\AppData\Roaming\MiKTeX\2.9\tex/latex/beamer\beamerbasetemplat
es.sty
\beamer@sbttoks=\toks30

(C:\Users\kilgore\AppData\Roaming\MiKTeX\2.9\tex/latex/beamer\beamerbaseauxtemp
lates.sty
(C:\Users\kilgore\AppData\Roaming\MiKTeX\2.9\tex/latex/beamer\beamerbaseboxes.s
ty
\bmb@box=\box49
\bmb@colorbox=\box50
\bmb@boxshadow=\box51
\bmb@boxshadowball=\box52
\bmb@boxshadowballlarge=\box53
\bmb@temp=\dimen172
\bmb@dima=\dimen173
\bmb@dimb=\dimen174
\bmb@prevheight=\dimen175
)
\beamer@blockheadheight=\dimen176
))
(C:\Users\kilgore\AppData\Roaming\MiKTeX\2.9\tex/latex/beamer\beamerbaselocalst
ructure.sty ("C:\Program Files\MiKTeX 2.9\tex/latex/tools\enumerate.sty"
Package: enumerate 2015/07/23 v3.00 enumerate extensions (DPC)
\@enLab=\toks31
)
\c@figure=\count145
\c@table=\count146
\abovecaptionskip=\skip49
\belowcaptionskip=\skip50
)
(C:\Users\kilgore\AppData\Roaming\MiKTeX\2.9\tex/latex/beamer\beamerbasenavigat
ion.sty
\beamer@section@min@dim=\dimen177
)
(C:\Users\kilgore\AppData\Roaming\MiKTeX\2.9\tex/latex/beamer\beamerbasetheorem
s.sty ("C:\Program Files\MiKTeX 2.9\tex/latex/amsmath\amsmath.sty"
Package: amsmath 2018/12/01 v2.17b AMS math features
\@mathmargin=\skip51
For additional information on amsmath, use the `?' option.
("C:\Program Files\MiKTeX 2.9\tex/latex/amsmath\amstext.sty"
Package: amstext 2000/06/29 v2.01 AMS text
("C:\Program Files\MiKTeX 2.9\tex/latex/amsmath\amsgen.sty"
File: amsgen.sty 1999/11/30 v2.0 generic functions
\@emptytoks=\toks32
\ex@=\dimen178
)) ("C:\Program Files\MiKTeX 2.9\tex/latex/amsmath\amsbsy.sty"
Package: amsbsy 1999/11/29 v1.2d Bold Symbols
\pmbraise@=\dimen179
) ("C:\Program Files\MiKTeX 2.9\tex/latex/amsmath\amsopn.sty"
Package: amsopn 2016/03/08 v2.02 operator names
)
\inf@bad=\count147
LaTeX Info: Redefining \frac on input line 223.
\uproot@=\count148
\leftroot@=\count149
LaTeX Info: Redefining \overline on input line 385.
\classnum@=\count150
\DOTSCASE@=\count151
LaTeX Info: Redefining \ldots on input line 482.
LaTeX Info: Redefining \dots on input line 485.
LaTeX Info: Redefining \cdots on input line 606.
\Mathstrutbox@=\box54
\strutbox@=\box55
\big@size=\dimen180
LaTeX Font Info:    Redeclaring font encoding OML on input line 729.
LaTeX Font Info:    Redeclaring font encoding OMS on input line 730.
\macc@depth=\count152
\c@MaxMatrixCols=\count153
\dotsspace@=\muskip11
\c@parentequation=\count154
\dspbrk@lvl=\count155
\tag@help=\toks33
\row@=\count156
\column@=\count157
\maxfields@=\count158
\andhelp@=\toks34
\eqnshift@=\dimen181
\alignsep@=\dimen182
\tagshift@=\dimen183
\tagwidth@=\dimen184
\totwidth@=\dimen185
\lineht@=\dimen186
\@envbody=\toks35
\multlinegap=\skip52
\multlinetaggap=\skip53
\mathdisplay@stack=\toks36
LaTeX Info: Redefining \[ on input line 2844.
LaTeX Info: Redefining \] on input line 2845.
) ("C:\Program Files\MiKTeX 2.9\tex/latex/amscls\amsthm.sty"
Package: amsthm 2017/10/31 v2.20.4
\thm@style=\toks37
\thm@bodyfont=\toks38
\thm@headfont=\toks39
\thm@notefont=\toks40
\thm@headpunct=\toks41
\thm@preskip=\skip54
\thm@postskip=\skip55
\thm@headsep=\skip56
\dth@everypar=\toks42
)
\c@theorem=\count159
)
(C:\Users\kilgore\AppData\Roaming\MiKTeX\2.9\tex/latex/beamer\beamerbasethemes.
sty))
(C:\Users\kilgore\AppData\Roaming\MiKTeX\2.9\tex/latex/beamer\beamerthemedefaul
t.sty
(C:\Users\kilgore\AppData\Roaming\MiKTeX\2.9\tex/latex/beamer\beamerfontthemede
fault.sty)
(C:\Users\kilgore\AppData\Roaming\MiKTeX\2.9\tex/latex/beamer\beamercolorthemed
efault.sty)
(C:\Users\kilgore\AppData\Roaming\MiKTeX\2.9\tex/latex/beamer\beamerinnerthemed
efault.sty
\beamer@dima=\dimen187
\beamer@dimb=\dimen188
)
(C:\Users\kilgore\AppData\Roaming\MiKTeX\2.9\tex/latex/beamer\beamerouterthemed
efault.sty)))
(C:\Users\kilgore\AppData\Roaming\MiKTeX\2.9\tex/latex/pgf/utilities\pgfpages.s
ty
Package: pgfpages 2011/01/05 ver 0.02
("C:\Program Files\MiKTeX 2.9\tex/latex/tools\calc.sty"
Package: calc 2017/05/25 v4.3 Infix arithmetic (KKT,FJ)
\calc@Acount=\count160
\calc@Bcount=\count161
\calc@Adimen=\dimen189
\calc@Bdimen=\dimen190
\calc@Askip=\skip57
\calc@Bskip=\skip58
LaTeX Info: Redefining \setlength on input line 80.
LaTeX Info: Redefining \addtolength on input line 81.
\calc@Ccount=\count162
\calc@Cskip=\skip59
)
\pgf@logicalpages=\count163
\pgf@firstshipout=\count164
\pgf@lastshipout=\count165
\pgf@currentshipout=\count166
\pgf@cpn=\count167
\pgf@shipoutnextto=\count168
\pgfphysicalheight=\dimen191
\pgfphysicalwidth=\dimen192
\pgfpages@shipoutbox=\box56
) ("C:\Program Files\MiKTeX 2.9\tex/latex/lm\lmodern.sty"
Package: lmodern 2009/10/30 v1.6 Latin Modern Fonts
LaTeX Font Info:    Overwriting symbol font `operators' in version `normal'
(Font)                  OT1/cmr/m/n --> OT1/lmr/m/n on input line 22.
LaTeX Font Info:    Overwriting symbol font `letters' in version `normal'
(Font)                  OML/cmm/m/it --> OML/lmm/m/it on input line 23.
LaTeX Font Info:    Overwriting symbol font `symbols' in version `normal'
(Font)                  OMS/cmsy/m/n --> OMS/lmsy/m/n on input line 24.
LaTeX Font Info:    Overwriting symbol font `largesymbols' in version `normal'
(Font)                  OMX/cmex/m/n --> OMX/lmex/m/n on input line 25.
LaTeX Font Info:    Overwriting symbol font `operators' in version `bold'
(Font)                  OT1/cmr/bx/n --> OT1/lmr/bx/n on input line 26.
LaTeX Font Info:    Overwriting symbol font `letters' in version `bold'
(Font)                  OML/cmm/b/it --> OML/lmm/b/it on input line 27.
LaTeX Font Info:    Overwriting symbol font `symbols' in version `bold'
(Font)                  OMS/cmsy/b/n --> OMS/lmsy/b/n on input line 28.
LaTeX Font Info:    Overwriting symbol font `largesymbols' in version `bold'
(Font)                  OMX/cmex/m/n --> OMX/lmex/m/n on input line 29.
LaTeX Font Info:    Overwriting math alphabet `\mathbf' in version `normal'
(Font)                  OT1/cmr/bx/n --> OT1/lmr/bx/n on input line 31.
LaTeX Font Info:    Overwriting math alphabet `\mathsf' in version `normal'
(Font)                  OT1/cmss/m/n --> OT1/lmss/m/n on input line 32.
LaTeX Font Info:    Overwriting math alphabet `\mathit' in version `normal'
(Font)                  OT1/cmr/m/it --> OT1/lmr/m/it on input line 33.
LaTeX Font Info:    Overwriting math alphabet `\mathtt' in version `normal'
(Font)                  OT1/cmtt/m/n --> OT1/lmtt/m/n on input line 34.
LaTeX Font Info:    Overwriting math alphabet `\mathbf' in version `bold'
(Font)                  OT1/cmr/bx/n --> OT1/lmr/bx/n on input line 35.
LaTeX Font Info:    Overwriting math alphabet `\mathsf' in version `bold'
(Font)                  OT1/cmss/bx/n --> OT1/lmss/bx/n on input line 36.
LaTeX Font Info:    Overwriting math alphabet `\mathit' in version `bold'
(Font)                  OT1/cmr/bx/it --> OT1/lmr/bx/it on input line 37.
LaTeX Font Info:    Overwriting math alphabet `\mathtt' in version `bold'
(Font)                  OT1/cmtt/m/n --> OT1/lmtt/m/n on input line 38.
) ("C:\Program Files\MiKTeX 2.9\tex/latex/base\fixltx2e.sty"
Package: fixltx2e 2016/12/29 v2.1a fixes to LaTeX (obsolete)
Applying: [2015/01/01] Old fixltx2e package on input line 46.

Package fixltx2e Warning: fixltx2e is not required with releases after 2015
(fixltx2e)                All fixes are now in the LaTeX kernel.
(fixltx2e)                See the latexrelease package for details.

Already applied: [0000/00/00] Old fixltx2e package on input line 53.
) (C:\Users\kilgore\AppData\Roaming\MiKTeX\2.9\tex/xelatex/mathspec\mathspec.st
y
Package: mathspec 2016/12/22 v0.2b LaTeX Package (Mathematics font selection fo
r XeLaTeX)
("C:\Program Files\MiKTeX 2.9\tex/latex/fontspec\fontspec.sty"
(C:\Users\kilgore\AppData\Roaming\MiKTeX\2.9\tex/latex/l3packages/xparse\xparse
.sty (C:\Users\kilgore\AppData\Roaming\MiKTeX\2.9\tex/latex/l3kernel\expl3.sty
Package: expl3 2019-09-19 L3 programming layer (loader) 
(C:\Users\kilgore\AppData\Roaming\MiKTeX\2.9\tex/latex/l3kernel\expl3-code.tex
Package: expl3 2019-09-19 L3 programming layer (code)
\c_max_int=\count169
\l_tmpa_int=\count170
\l_tmpb_int=\count171
\g_tmpa_int=\count172
\g_tmpb_int=\count173
\g__kernel_prg_map_int=\count174
\c__ior_term_noprompt_ior=\count175
\c_log_iow=\count176
\l_iow_line_count_int=\count177
\l__iow_line_target_int=\count178
\l__iow_one_indent_int=\count179
\l__iow_indent_int=\count180
\c_zero_dim=\dimen193
\c_max_dim=\dimen194
\l_tmpa_dim=\dimen195
\l_tmpb_dim=\dimen196
\g_tmpa_dim=\dimen197
\g_tmpb_dim=\dimen198
\c_zero_skip=\skip60
\c_max_skip=\skip61
\l_tmpa_skip=\skip62
\l_tmpb_skip=\skip63
\g_tmpa_skip=\skip64
\g_tmpb_skip=\skip65
\c_zero_muskip=\muskip12
\c_max_muskip=\muskip13
\l_tmpa_muskip=\muskip14
\l_tmpb_muskip=\muskip15
\g_tmpa_muskip=\muskip16
\g_tmpb_muskip=\muskip17
\l_keys_choice_int=\count181
\l__intarray_loop_int=\count182
\c__intarray_sp_dim=\dimen199
\g__intarray_font_int=\count183
\c__fp_leading_shift_int=\count184
\c__fp_middle_shift_int=\count185
\c__fp_trailing_shift_int=\count186
\c__fp_big_leading_shift_int=\count187
\c__fp_big_middle_shift_int=\count188
\c__fp_big_trailing_shift_int=\count189
\c__fp_Bigg_leading_shift_int=\count190
\c__fp_Bigg_middle_shift_int=\count191
\c__fp_Bigg_trailing_shift_int=\count192
\g__fp_array_int=\count193
\l__fp_array_loop_int=\count194
\l__sort_length_int=\count195
\l__sort_min_int=\count196
\l__sort_top_int=\count197
\l__sort_max_int=\count198
\l__sort_true_max_int=\count199
\l__sort_block_int=\count266
\l__sort_begin_int=\count267
\l__sort_end_int=\count268
\l__sort_A_int=\count269
\l__sort_B_int=\count270
\l__sort_C_int=\count271
\l__str_internal_int=\count272
\l__tl_analysis_normal_int=\count273
\l__tl_analysis_index_int=\count274
\l__tl_analysis_nesting_int=\count275
\l__tl_analysis_type_int=\count276
\l__regex_internal_a_int=\count277
\l__regex_internal_b_int=\count278
\l__regex_internal_c_int=\count279
\l__regex_balance_int=\count280
\l__regex_group_level_int=\count281
\l__regex_mode_int=\count282
\c__regex_cs_in_class_mode_int=\count283
\c__regex_cs_mode_int=\count284
\l__regex_catcodes_int=\count285
\l__regex_default_catcodes_int=\count286
\c__regex_catcode_L_int=\count287
\c__regex_catcode_O_int=\count288
\c__regex_catcode_A_int=\count289
\c__regex_all_catcodes_int=\count290
\l__regex_show_lines_int=\count291
\l__regex_min_state_int=\count292
\l__regex_max_state_int=\count293
\l__regex_left_state_int=\count294
\l__regex_right_state_int=\count295
\l__regex_capturing_group_int=\count296
\l__regex_min_pos_int=\count297
\l__regex_max_pos_int=\count298
\l__regex_curr_pos_int=\count299
\l__regex_start_pos_int=\count300
\l__regex_success_pos_int=\count301
\l__regex_curr_char_int=\count302
\l__regex_curr_catcode_int=\count303
\l__regex_last_char_int=\count304
\l__regex_case_changed_char_int=\count305
\l__regex_curr_state_int=\count306
\l__regex_step_int=\count307
\l__regex_min_active_int=\count308
\l__regex_max_active_int=\count309
\l__regex_replacement_csnames_int=\count310
\l__regex_match_count_int=\count311
\l__regex_min_submatch_int=\count312
\l__regex_submatch_int=\count313
\l__regex_zeroth_submatch_int=\count314
\g__regex_trace_regex_int=\count315
\c_empty_box=\box57
\l_tmpa_box=\box58
\l_tmpb_box=\box59
\g_tmpa_box=\box60
\g_tmpb_box=\box61
\l__box_top_dim=\dimen256
\l__box_bottom_dim=\dimen257
\l__box_left_dim=\dimen258
\l__box_right_dim=\dimen259
\l__box_top_new_dim=\dimen260
\l__box_bottom_new_dim=\dimen261
\l__box_left_new_dim=\dimen262
\l__box_right_new_dim=\dimen263
\l__box_internal_box=\box62
\l__coffin_internal_box=\box63
\l__coffin_internal_dim=\dimen264
\l__coffin_offset_x_dim=\dimen265
\l__coffin_offset_y_dim=\dimen266
\l__coffin_x_dim=\dimen267
\l__coffin_y_dim=\dimen268
\l__coffin_x_prime_dim=\dimen269
\l__coffin_y_prime_dim=\dimen270
\c_empty_coffin=\box64
\l__coffin_aligned_coffin=\box65
\l__coffin_aligned_internal_coffin=\box66
\l_tmpa_coffin=\box67
\l_tmpb_coffin=\box68
\g_tmpa_coffin=\box69
\g_tmpb_coffin=\box70
\l__coffin_bounding_shift_dim=\dimen271
\l__coffin_left_corner_dim=\dimen272
\l__coffin_right_corner_dim=\dimen273
\l__coffin_bottom_corner_dim=\dimen274
\l__coffin_top_corner_dim=\dimen275
\l__coffin_scaled_total_height_dim=\dimen276
\l__coffin_scaled_width_dim=\dimen277
\c__coffin_empty_coffin=\box71
\l__coffin_display_coffin=\box72
\l__coffin_display_coord_coffin=\box73
\l__coffin_display_pole_coffin=\box74
\l__coffin_display_offset_dim=\dimen278
\l__coffin_display_x_dim=\dimen279
\l__coffin_display_y_dim=\dimen280
\g__char_data_ior=\read2
\l__seq_internal_a_int=\count316
\l__seq_internal_b_int=\count317
)
(C:\Users\kilgore\AppData\Roaming\MiKTeX\2.9\tex/latex/l3backend\l3backend-xdvi
pdfmx.def
File: l3backend-xdvipdfmx.def 2019-04-06 v L3 backend support: xdvipdfmx
\g__graphics_track_int=\count318
\l__pdf_internal_box=\box75
\g__pdf_backend_object_int=\count319
\g__pdf_backend_annotation_int=\count320
))
Package: xparse 2019-05-28 L3 Experimental document command parser
\l__xparse_current_arg_int=\count321
\g__xparse_grabber_int=\count322
\l__xparse_m_args_int=\count323
\l__xparse_v_nesting_int=\count324
)
Package: fontspec 2019/03/15 v2.7c Font selection for XeLaTeX and LuaLaTeX
("C:\Program Files\MiKTeX 2.9\tex/latex/fontspec\fontspec-xetex.sty"
Package: fontspec-xetex 2019/03/15 v2.7c Font selection for XeLaTeX and LuaLaTe
X
\l__fontspec_script_int=\count325
\l__fontspec_language_int=\count326
\l__fontspec_strnum_int=\count327
\l__fontspec_tmp_int=\count328
\l__fontspec_tmpa_int=\count329
\l__fontspec_tmpb_int=\count330
\l__fontspec_tmpc_int=\count331
\l__fontspec_em_int=\count332
\l__fontspec_emdef_int=\count333
\l__fontspec_strong_int=\count334
\l__fontspec_strongdef_int=\count335
\l__fontspec_tmpa_dim=\dimen281
\l__fontspec_tmpb_dim=\dimen282
\l__fontspec_tmpc_dim=\dimen283
("C:\Program Files\MiKTeX 2.9\tex/latex/base\fontenc.sty"
Package: fontenc 2018/08/11 v2.0j Standard LaTeX package
("C:\Program Files\MiKTeX 2.9\tex/latex/base\tuenc.def"
File: tuenc.def 2018/08/11 v2.0j Standard LaTeX file
LaTeX Font Info:    Redeclaring font encoding TU on input line 82.
)) ("C:\Program Files\MiKTeX 2.9\tex/latex/fontspec\fontspec.cfg")
LaTeX Info: Redefining \itshape on input line 4051.
LaTeX Info: Redefining \slshape on input line 4056.
LaTeX Info: Redefining \scshape on input line 4061.
LaTeX Info: Redefining \upshape on input line 4066.
LaTeX Info: Redefining \em on input line 4096.
LaTeX Info: Redefining \emph on input line 4121.
LaTeX Font Info:    Font shape `TU/lmss/m/it' in size <10.95> not available
(Font)              Font shape `TU/lmss/m/sl' tried instead on input line 4171.

)) ("C:\Program Files\MiKTeX 2.9\tex/latex/xkeyval\xkeyval.sty"
Package: xkeyval 2014/12/03 v2.7a package option processing (HA)
("C:\Program Files\MiKTeX 2.9\tex/generic/xkeyval\xkeyval.tex" ("C:\Program Fil
es\MiKTeX 2.9\tex/generic/xkeyval\xkvutils.tex"
\XKV@toks=\toks43
\XKV@tempa@toks=\toks44
)
\XKV@depth=\count336
File: xkeyval.tex 2014/12/03 v2.7a key=value parser (HA)
))
\c@eu@=\count337
\c@eu@i=\count338
\c@mkern=\count339
)
("C:\Program Files\MiKTeX 2.9\tex/latex/beamertheme-metropolis\beamerthememetro
polis.sty"
Package: beamerthememetropolis 2017/01/23 v1.2 Metropolis Beamer theme
(C:\Users\kilgore\AppData\Roaming\MiKTeX\2.9\tex/latex/pgfopts\pgfopts.sty
Package: pgfopts 2014/07/10 v2.1a LaTeX package options with pgfkeys

(C:\Users\kilgore\AppData\Roaming\MiKTeX\2.9\tex/latex/pgf/utilities\pgfkeys.st
y
(C:\Users\kilgore\AppData\Roaming\MiKTeX\2.9\tex/generic/pgf/utilities\pgfkeys.
code.tex))
\pgfopts@list@add@a@toks=\toks45
\pgfopts@list@add@b@toks=\toks46
)
("C:\Program Files\MiKTeX 2.9\tex/latex/beamertheme-metropolis\beamerinnertheme
metropolis.sty"
Package: beamerinnerthememetropolis 2017/01/23 Metropolis inner theme

(C:\Users\kilgore\AppData\Roaming\MiKTeX\2.9\tex/latex/pgf/frontendlayer\tikz.s
ty (C:\Users\kilgore\AppData\Roaming\MiKTeX\2.9\tex/latex/pgf/basiclayer\pgf.st
y
Package: pgf 2019/08/03 v3.1.4b (3.1.4b)

(C:\Users\kilgore\AppData\Roaming\MiKTeX\2.9\tex/generic/pgf/modules\pgfmodules
hapes.code.tex
File: pgfmoduleshapes.code.tex 2019/08/03 v3.1.4b (3.1.4b)
\pgfnodeparttextbox=\box76
)
(C:\Users\kilgore\AppData\Roaming\MiKTeX\2.9\tex/generic/pgf/modules\pgfmodulep
lot.code.tex
File: pgfmoduleplot.code.tex 2019/08/03 v3.1.4b (3.1.4b)
)
(C:\Users\kilgore\AppData\Roaming\MiKTeX\2.9\tex/latex/pgf/compatibility\pgfcom
p-version-0-65.sty
Package: pgfcomp-version-0-65 2019/08/03 v3.1.4b (3.1.4b)
\pgf@nodesepstart=\dimen284
\pgf@nodesepend=\dimen285
)
(C:\Users\kilgore\AppData\Roaming\MiKTeX\2.9\tex/latex/pgf/compatibility\pgfcom
p-version-1-18.sty
Package: pgfcomp-version-1-18 2019/08/03 v3.1.4b (3.1.4b)
))
(C:\Users\kilgore\AppData\Roaming\MiKTeX\2.9\tex/latex/pgf/utilities\pgffor.sty
(C:\Users\kilgore\AppData\Roaming\MiKTeX\2.9\tex/latex/pgf/math\pgfmath.sty
(C:\Users\kilgore\AppData\Roaming\MiKTeX\2.9\tex/generic/pgf/math\pgfmath.code.
tex))
(C:\Users\kilgore\AppData\Roaming\MiKTeX\2.9\tex/generic/pgf/utilities\pgffor.c
ode.tex
Package: pgffor 2019/08/03 v3.1.4b (3.1.4b)

(C:\Users\kilgore\AppData\Roaming\MiKTeX\2.9\tex/generic/pgf/math\pgfmath.code.
tex)
\pgffor@iter=\dimen286
\pgffor@skip=\dimen287
\pgffor@stack=\toks47
\pgffor@toks=\toks48
))
(C:\Users\kilgore\AppData\Roaming\MiKTeX\2.9\tex/generic/pgf/frontendlayer/tikz
\tikz.code.tex
Package: tikz 2019/08/03 v3.1.4b (3.1.4b)

(C:\Users\kilgore\AppData\Roaming\MiKTeX\2.9\tex/generic/pgf/libraries\pgflibra
ryplothandlers.code.tex
File: pgflibraryplothandlers.code.tex 2019/08/03 v3.1.4b (3.1.4b)
\pgf@plot@mark@count=\count340
\pgfplotmarksize=\dimen288
)
\tikz@lastx=\dimen289
\tikz@lasty=\dimen290
\tikz@lastxsaved=\dimen291
\tikz@lastysaved=\dimen292
\tikz@lastmovetox=\dimen293
\tikz@lastmovetoy=\dimen294
\tikzleveldistance=\dimen295
\tikzsiblingdistance=\dimen296
\tikz@figbox=\box77
\tikz@figbox@bg=\box78
\tikz@tempbox=\box79
\tikz@tempbox@bg=\box80
\tikztreelevel=\count341
\tikznumberofchildren=\count342
\tikznumberofcurrentchild=\count343
\tikz@fig@count=\count344

(C:\Users\kilgore\AppData\Roaming\MiKTeX\2.9\tex/generic/pgf/modules\pgfmodulem
atrix.code.tex
File: pgfmodulematrix.code.tex 2019/08/03 v3.1.4b (3.1.4b)
\pgfmatrixcurrentrow=\count345
\pgfmatrixcurrentcolumn=\count346
\pgf@matrix@numberofcolumns=\count347
)
\tikz@expandcount=\count348

(C:\Users\kilgore\AppData\Roaming\MiKTeX\2.9\tex/generic/pgf/frontendlayer/tikz
/libraries\tikzlibrarytopaths.code.tex
File: tikzlibrarytopaths.code.tex 2019/08/03 v3.1.4b (3.1.4b)
)))
\metropolis@titleseparator@linewidth=\skip66
\metropolis@progressonsectionpage=\skip67
\metropolis@progressonsectionpage@linewidth=\skip68
\metropolis@blocksep=\skip69
\metropolis@blockadjust=\skip70
\metropolis@parskip=\skip71
)
("C:\Program Files\MiKTeX 2.9\tex/latex/beamertheme-metropolis\beameroutertheme
metropolis.sty"
Package: beamerouterthememetropolis 2017/01/23 Metropolis outer theme
\metropolis@frametitle@padding=\skip72
\metropolis@progressinheadfoot=\skip73
\metropolis@progressinheadfoot@linewidth=\skip74
)
("C:\Program Files\MiKTeX 2.9\tex/latex/beamertheme-metropolis\beamercolortheme
metropolis.sty"
Package: beamercolorthememetropolis 2017/01/23 Metropolis color theme
)
("C:\Program Files\MiKTeX 2.9\tex/latex/beamertheme-metropolis\beamerfontthemem
etropolis.sty"
Package: beamerfontthememetropolis 2017/01/23 Metropolis font theme
\c@fontsnotfound=\count349

Package fontspec Info: Fira Sans Light scale = 0.8240917629191478.


Package fontspec Info: Fira Sans Light scale = 0.8240917629191478.


Package fontspec Info: Fira Sans Light scale = 0.8240917629191478.


Package fontspec Info: Fira Sans scale = 0.8178378306913284.


Package fontspec Info: Fira Sans scale = 0.8178378306913284.


Package fontspec Info: Fira Sans Light Italic scale = 0.8240917629191478.


Package fontspec Info: Fira Sans Light Italic scale = 0.8240917629191478.


Package fontspec Info: Fira Sans Italic scale = 0.8178378306913284.


Package fontspec Info: Fira Sans Italic scale = 0.8178378306913284.


Package fontspec Info: Font family 'FiraSansLight(0)' created for font 'Fira
(fontspec)             Sans Light' with options
(fontspec)             [Ligatures=TeX,Scale=MatchLowercase,Ligatures=TeX,Italic
Font={Fira
(fontspec)             Sans Light Italic},BoldFont={Fira
(fontspec)             Sans},BoldItalicFont={Fira Sans Italic}].
(fontspec)              
(fontspec)              This font family consists of the following NFSS
(fontspec)             series/shapes:
(fontspec)              
(fontspec)             - 'normal' (m/n) with NFSS spec.:
(fontspec)             <->s*[0.8240917629191478]"Fira Sans
(fontspec)             Light/OT:script=latn;language=DFLT;mapping=tex-text;"
(fontspec)             - 'small caps'  (m/sc) with NFSS spec.:
(fontspec)             <->s*[0.8240917629191478]"Fira Sans
(fontspec)             Light/OT:script=latn;language=DFLT;+smcp;mapping=tex-tex
t;"
(fontspec)             - 'bold' (bx/n) with NFSS spec.:
(fontspec)             <->s*[0.8178378306913284]"Fira
(fontspec)             Sans/OT:script=latn;language=DFLT;mapping=tex-text;"
(fontspec)             - 'bold small caps'  (bx/sc) with NFSS spec.:
(fontspec)             <->s*[0.8178378306913284]"Fira
(fontspec)             Sans/OT:script=latn;language=DFLT;+smcp;mapping=tex-text
;"
(fontspec)             - 'italic' (m/it) with NFSS spec.:
(fontspec)             <->s*[0.8240917629191478]"Fira Sans Light
(fontspec)             Italic/OT:script=latn;language=DFLT;mapping=tex-text;"
(fontspec)             - 'italic small caps'  (m/itsc) with NFSS spec.:
(fontspec)             <->s*[0.8240917629191478]"Fira Sans Light
(fontspec)             Italic/OT:script=latn;language=DFLT;+smcp;mapping=tex-te
xt;"
(fontspec)             - 'bold italic' (bx/it) with NFSS spec.:
(fontspec)             <->s*[0.8178378306913284]"Fira Sans
(fontspec)             Italic/OT:script=latn;language=DFLT;mapping=tex-text;"
(fontspec)             - 'bold italic small caps'  (bx/itsc) with NFSS spec.:
(fontspec)             <->s*[0.8178378306913284]"Fira Sans
(fontspec)             Italic/OT:script=latn;language=DFLT;+smcp;mapping=tex-te
xt;"

LaTeX Info: Redefining \sffamily on input line 95.
LaTeX Font Info:    Font shape `TU/FiraSansLight(0)/m/n' will be
(Font)              scaled to size 9.02385pt on input line 95.

Package beamerthememetropolis Warning: Could not find Fira Mono fonts on input 
line 95.

)) (C:\Users\kilgore\AppData\Roaming\MiKTeX\2.9\tex/latex/upquote\upquote.sty
Package: upquote 2012/04/19 v1.3 upright-quote and grave-accent glyphs in verba
tim
("C:\Program Files\MiKTeX 2.9\tex/latex/base\textcomp.sty"
Package: textcomp 2018/08/11 v2.0j Standard LaTeX package
Package textcomp Info: Sub-encoding information:
(textcomp)               5 = only ISO-Adobe without \textcurrency
(textcomp)               4 = 5 + \texteuro
(textcomp)               3 = 4 + \textohm
(textcomp)               2 = 3 + \textestimated + \textcurrency
(textcomp)               1 = TS1 - \textcircled - \t
(textcomp)               0 = TS1 (full)
(textcomp)             Font families with sub-encoding setting implement
(textcomp)             only a restricted character set as indicated.
(textcomp)             Family '?' is the default used for unknown fonts.
(textcomp)             See the documentation for details.
Package textcomp Info: Setting ? sub-encoding to TS1/1 on input line 79.
("C:\Program Files\MiKTeX 2.9\tex/latex/base\ts1enc.def"
File: ts1enc.def 2001/06/05 v3.0e (jk/car/fm) Standard LaTeX file
)
LaTeX Info: Redefining \oldstylenums on input line 334.
Package textcomp Info: Setting cmr sub-encoding to TS1/0 on input line 349.
Package textcomp Info: Setting cmss sub-encoding to TS1/0 on input line 350.
Package textcomp Info: Setting cmtt sub-encoding to TS1/0 on input line 351.
Package textcomp Info: Setting cmvtt sub-encoding to TS1/0 on input line 352.
Package textcomp Info: Setting cmbr sub-encoding to TS1/0 on input line 353.
Package textcomp Info: Setting cmtl sub-encoding to TS1/0 on input line 354.
Package textcomp Info: Setting ccr sub-encoding to TS1/0 on input line 355.
Package textcomp Info: Setting ptm sub-encoding to TS1/4 on input line 356.
Package textcomp Info: Setting pcr sub-encoding to TS1/4 on input line 357.
Package textcomp Info: Setting phv sub-encoding to TS1/4 on input line 358.
Package textcomp Info: Setting ppl sub-encoding to TS1/3 on input line 359.
Package textcomp Info: Setting pag sub-encoding to TS1/4 on input line 360.
Package textcomp Info: Setting pbk sub-encoding to TS1/4 on input line 361.
Package textcomp Info: Setting pnc sub-encoding to TS1/4 on input line 362.
Package textcomp Info: Setting pzc sub-encoding to TS1/4 on input line 363.
Package textcomp Info: Setting bch sub-encoding to TS1/4 on input line 364.
Package textcomp Info: Setting put sub-encoding to TS1/5 on input line 365.
Package textcomp Info: Setting uag sub-encoding to TS1/5 on input line 366.
Package textcomp Info: Setting ugq sub-encoding to TS1/5 on input line 367.
Package textcomp Info: Setting ul8 sub-encoding to TS1/4 on input line 368.
Package textcomp Info: Setting ul9 sub-encoding to TS1/4 on input line 369.
Package textcomp Info: Setting augie sub-encoding to TS1/5 on input line 370.
Package textcomp Info: Setting dayrom sub-encoding to TS1/3 on input line 371.
Package textcomp Info: Setting dayroms sub-encoding to TS1/3 on input line 372.

Package textcomp Info: Setting pxr sub-encoding to TS1/0 on input line 373.
Package textcomp Info: Setting pxss sub-encoding to TS1/0 on input line 374.
Package textcomp Info: Setting pxtt sub-encoding to TS1/0 on input line 375.
Package textcomp Info: Setting txr sub-encoding to TS1/0 on input line 376.
Package textcomp Info: Setting txss sub-encoding to TS1/0 on input line 377.
Package textcomp Info: Setting txtt sub-encoding to TS1/0 on input line 378.
Package textcomp Info: Setting lmr sub-encoding to TS1/0 on input line 379.
Package textcomp Info: Setting lmdh sub-encoding to TS1/0 on input line 380.
Package textcomp Info: Setting lmss sub-encoding to TS1/0 on input line 381.
Package textcomp Info: Setting lmssq sub-encoding to TS1/0 on input line 382.
Package textcomp Info: Setting lmvtt sub-encoding to TS1/0 on input line 383.
Package textcomp Info: Setting lmtt sub-encoding to TS1/0 on input line 384.
Package textcomp Info: Setting qhv sub-encoding to TS1/0 on input line 385.
Package textcomp Info: Setting qag sub-encoding to TS1/0 on input line 386.
Package textcomp Info: Setting qbk sub-encoding to TS1/0 on input line 387.
Package textcomp Info: Setting qcr sub-encoding to TS1/0 on input line 388.
Package textcomp Info: Setting qcs sub-encoding to TS1/0 on input line 389.
Package textcomp Info: Setting qpl sub-encoding to TS1/0 on input line 390.
Package textcomp Info: Setting qtm sub-encoding to TS1/0 on input line 391.
Package textcomp Info: Setting qzc sub-encoding to TS1/0 on input line 392.
Package textcomp Info: Setting qhvc sub-encoding to TS1/0 on input line 393.
Package textcomp Info: Setting futs sub-encoding to TS1/4 on input line 394.
Package textcomp Info: Setting futx sub-encoding to TS1/4 on input line 395.
Package textcomp Info: Setting futj sub-encoding to TS1/4 on input line 396.
Package textcomp Info: Setting hlh sub-encoding to TS1/3 on input line 397.
Package textcomp Info: Setting hls sub-encoding to TS1/3 on input line 398.
Package textcomp Info: Setting hlst sub-encoding to TS1/3 on input line 399.
Package textcomp Info: Setting hlct sub-encoding to TS1/5 on input line 400.
Package textcomp Info: Setting hlx sub-encoding to TS1/5 on input line 401.
Package textcomp Info: Setting hlce sub-encoding to TS1/5 on input line 402.
Package textcomp Info: Setting hlcn sub-encoding to TS1/5 on input line 403.
Package textcomp Info: Setting hlcw sub-encoding to TS1/5 on input line 404.
Package textcomp Info: Setting hlcf sub-encoding to TS1/5 on input line 405.
Package textcomp Info: Setting pplx sub-encoding to TS1/3 on input line 406.
Package textcomp Info: Setting pplj sub-encoding to TS1/3 on input line 407.
Package textcomp Info: Setting ptmx sub-encoding to TS1/4 on input line 408.
Package textcomp Info: Setting ptmj sub-encoding to TS1/4 on input line 409.
)) (C:\Users\kilgore\AppData\Roaming\MiKTeX\2.9\tex/latex/microtype\microtype.s
ty
Package: microtype 2019/02/28 v2.7b Micro-typographical refinements (RS)
\MT@toks=\toks49
\MT@count=\count350
LaTeX Info: Redefining \textls on input line 790.
\MT@outer@kern=\dimen297
LaTeX Info: Redefining \textmicrotypecontext on input line 1336.
\MT@listname@count=\count351

(C:\Users\kilgore\AppData\Roaming\MiKTeX\2.9\tex/latex/microtype\microtype-xete
x.def
File: microtype-xetex.def 2019/02/28 v2.7b Definitions specific to xetex (RS)
LaTeX Info: Redefining \lsstyle on input line 258.
)
Package microtype Info: Loading configuration file microtype.cfg.
(C:\Users\kilgore\AppData\Roaming\MiKTeX\2.9\tex/latex/microtype\microtype.cfg
File: microtype.cfg 2019/02/28 v2.7b microtype main configuration file (RS)
))
Package hyperref Info: Option `breaklinks' set `true' on input line 55.
(C:\Users\kilgore\AppData\Roaming\MiKTeX\2.9\tex/latex/fancyvrb\fancyvrb.sty
Package: fancyvrb 2019/01/15
Style option: `fancyvrb' v3.2a <2019/01/15> (tvz)
\FV@CodeLineNo=\count352
\FV@InFile=\read3
\FV@TabBox=\box81
\c@FancyVerbLine=\count353
\FV@StepNumber=\count354
\FV@OutFile=\write5
) (C:\Users\kilgore\AppData\Roaming\MiKTeX\2.9\tex/latex/framed\framed.sty
Package: framed 2011/10/22 v 0.96: framed or shaded text with page breaks
\OuterFrameSep=\skip75
\fb@frw=\dimen298
\fb@frh=\dimen299
\FrameRule=\dimen300
\FrameSep=\dimen301
) ("C:\Program Files\MiKTeX 2.9\tex/latex/tools\longtable.sty"
Package: longtable 2014/10/28 v4.11 Multi-page Table package (DPC)+ FMi change
\LTleft=\skip76
\LTright=\skip77
\LTpre=\skip78
\LTpost=\skip79
\LTchunksize=\count355
\LTcapwidth=\dimen302
\LT@head=\box82
\LT@firsthead=\box83
\LT@foot=\box84
\LT@lastfoot=\box85
\LT@cols=\count356
\LT@rows=\count357
\c@LT@tables=\count358
\c@LT@chunks=\count359
\LT@p@ftn=\toks50
) (C:\Users\kilgore\AppData\Roaming\MiKTeX\2.9\tex/latex/booktabs\booktabs.sty
Package: booktabs 2005/04/14 v1.61803 publication quality tables
\heavyrulewidth=\dimen303
\lightrulewidth=\dimen304
\cmidrulewidth=\dimen305
\belowrulesep=\dimen306
\belowbottomsep=\dimen307
\aboverulesep=\dimen308
\abovetopsep=\dimen309
\cmidrulesep=\dimen310
\cmidrulekern=\dimen311
\defaultaddspace=\dimen312
\@cmidla=\count360
\@cmidlb=\count361
\@aboverulesep=\dimen313
\@belowrulesep=\dimen314
\@thisruleclass=\count362
\@lastruleclass=\count363
\@thisrulewidth=\dimen315
) (C:\Users\kilgore\AppData\Roaming\MiKTeX\2.9\tex/latex/caption\caption.sty
Package: caption 2019/09/01 v3.3d Customizing captions (AR)
(C:\Users\kilgore\AppData\Roaming\MiKTeX\2.9\tex/latex/caption\caption3.sty
Package: caption3 2019/09/01 v1.8d caption3 kernel (AR)
Package caption3 Info: TeX engine: e-TeX on input line 64.
\captionmargin=\dimen316
\captionmargin@=\dimen317
\captionwidth=\dimen318
\caption@tempdima=\dimen319
\caption@indent=\dimen320
\caption@parindent=\dimen321
\caption@hangindent=\dimen322
)
\c@caption@flags=\count364
\c@ContinuedFloat=\count365
Package caption Info: beamer document class.
Package caption Info: hyperref package is loaded.
Package caption Info: Hyperref support is turned off
(caption)             because hyperref has stopped early.
Package caption Info: longtable package is loaded.
(C:\Users\kilgore\AppData\Roaming\MiKTeX\2.9\tex/latex/caption\ltcaption.sty
Package: ltcaption 2018/08/26 v1.4a longtable captions (AR)
)) ("C:\Program Files\MiKTeX 2.9\tex/latex/oberdiek\grffile.sty"
Package: grffile 2017/06/30 v1.18 Extended file name support for graphics (HO)
Package grffile Info: Option `multidot' is set to `true'.
Package grffile Info: Option `extendedchars' is set to `false'.
Package grffile Info: Option `space' is set to `true'.
Package grffile Info: \Gin@ii of package `graphicx' fixed on input line 494.
) (13_uncertainty_2.aux)
\openout1 = `13_uncertainty_2.aux'.

LaTeX Font Info:    Checking defaults for OML/cmm/m/it on input line 167.
LaTeX Font Info:    ... okay on input line 167.
LaTeX Font Info:    Checking defaults for T1/cmr/m/n on input line 167.
LaTeX Font Info:    ... okay on input line 167.
LaTeX Font Info:    Checking defaults for OT1/cmr/m/n on input line 167.
LaTeX Font Info:    ... okay on input line 167.
LaTeX Font Info:    Checking defaults for OMS/cmsy/m/n on input line 167.
LaTeX Font Info:    ... okay on input line 167.
LaTeX Font Info:    Checking defaults for TU/lmr/m/n on input line 167.
LaTeX Font Info:    ... okay on input line 167.
LaTeX Font Info:    Checking defaults for OMX/cmex/m/n on input line 167.
LaTeX Font Info:    ... okay on input line 167.
LaTeX Font Info:    Checking defaults for U/cmr/m/n on input line 167.
LaTeX Font Info:    ... okay on input line 167.
LaTeX Font Info:    Checking defaults for PD1/pdf/m/n on input line 167.
LaTeX Font Info:    ... okay on input line 167.
LaTeX Font Info:    Checking defaults for PU/pdf/m/n on input line 167.
LaTeX Font Info:    ... okay on input line 167.
LaTeX Font Info:    Checking defaults for TS1/cmr/m/n on input line 167.
LaTeX Font Info:    Try loading font information for TS1+cmr on input line 167.

("C:\Program Files\MiKTeX 2.9\tex/latex/base\ts1cmr.fd"
File: ts1cmr.fd 2014/09/29 v2.5h Standard LaTeX font definitions
)
LaTeX Font Info:    ... okay on input line 167.
*geometry* detected driver: pdftex
*geometry* verbose mode - [ preamble ] result:
* driver: pdftex
* paper: custom
* layout: <same size as paper>
* layoutoffset:(h,v)=(0.0pt,0.0pt)
* modes: includehead includefoot 
* h-part:(L,W,R)=(28.45274pt, 307.28987pt, 28.45274pt)
* v-part:(T,H,B)=(0.0pt, 273.14662pt, 0.0pt)
* \paperwidth=364.19536pt
* \paperheight=273.14662pt
* \textwidth=307.28987pt
* \textheight=244.6939pt
* \oddsidemargin=-43.81725pt
* \evensidemargin=-43.81725pt
* \topmargin=-72.26999pt
* \headheight=14.22636pt
* \headsep=0.0pt
* \topskip=11.0pt
* \footskip=14.22636pt
* \marginparwidth=4.0pt
* \marginparsep=10.0pt
* \columnsep=10.0pt
* \skip\footins=10.0pt plus 4.0pt minus 2.0pt
* \hoffset=0.0pt
* \voffset=0.0pt
* \mag=1000
* \@twocolumnfalse
* \@twosidefalse
* \@mparswitchfalse
* \@reversemarginfalse
* (1in=72.27pt=25.4mm, 1cm=28.453pt)

ABD: EveryShipout initializing macros
\AtBeginShipoutBox=\box86
Package hyperref Info: Link coloring OFF on input line 167.
("C:\Program Files\MiKTeX 2.9\tex/latex/hyperref\nameref.sty"
Package: nameref 2019/09/12 v2.45 Cross-referencing by name of section
("C:\Program Files\MiKTeX 2.9\tex/generic/oberdiek\gettitlestring.sty"
Package: gettitlestring 2016/05/16 v1.5 Cleanup title references (HO)
)
\c@section@level=\count366
)
LaTeX Info: Redefining \ref on input line 167.
LaTeX Info: Redefining \pageref on input line 167.
LaTeX Info: Redefining \nameref on input line 167.
(13_uncertainty_2.out) (13_uncertainty_2.out)
\@outlinefile=\write6
\openout6 = `13_uncertainty_2.out'.

LaTeX Font Info:    Overwriting symbol font `operators' in version `normal'
(Font)                  OT1/lmr/m/n --> OT1/cmss/m/n on input line 167.
LaTeX Font Info:    Overwriting symbol font `operators' in version `bold'
(Font)                  OT1/lmr/bx/n --> OT1/cmss/bx/n on input line 167.
LaTeX Font Info:    Overwriting symbol font `operators' in version `normal'
(Font)                  OT1/cmss/m/n --> OT1/FiraSansLight(0)/m/n on input line
 167.
LaTeX Font Info:    Overwriting symbol font `operators' in version `bold'
(Font)                  OT1/cmss/bx/n --> OT1/FiraSansLight(0)/bx/n on input li
ne 167.
\symnumbers=\mathgroup6
\sympureletters=\mathgroup7
LaTeX Font Info:    Overwriting math alphabet `\mathrm' in version `normal'
(Font)                  OT1/FiraSansLight(0)/m/n --> TU/lmr/m/n on input line 1
67.
LaTeX Font Info:    Redeclaring math alphabet \mathbf on input line 167.
LaTeX Font Info:    Overwriting math alphabet `\mathbf' in version `normal'
(Font)                  OT1/lmr/bx/n --> TU/FiraSansLight(0)/bx/n on input line
 167.
LaTeX Font Info:    Overwriting math alphabet `\mathbf' in version `bold'
(Font)                  OT1/lmr/bx/n --> TU/FiraSansLight(0)/bx/n on input line
 167.
LaTeX Font Info:    Redeclaring math alphabet \mathsf on input line 167.
LaTeX Font Info:    Overwriting math alphabet `\mathsf' in version `normal'
(Font)                  OT1/lmss/m/n --> TU/FiraSansLight(0)/m/n on input line 
167.
LaTeX Font Info:    Overwriting math alphabet `\mathsf' in version `bold'
(Font)                  OT1/lmss/bx/n --> TU/FiraSansLight(0)/m/n on input line
 167.
LaTeX Font Info:    Redeclaring math alphabet \mathit on input line 167.
LaTeX Font Info:    Overwriting math alphabet `\mathit' in version `normal'
(Font)                  OT1/lmr/m/it --> TU/FiraSansLight(0)/m/it on input line
 167.
LaTeX Font Info:    Overwriting math alphabet `\mathit' in version `bold'
(Font)                  OT1/lmr/bx/it --> TU/FiraSansLight(0)/m/it on input lin
e 167.
LaTeX Font Info:    Redeclaring math alphabet \mathtt on input line 167.
LaTeX Font Info:    Overwriting math alphabet `\mathtt' in version `normal'
(Font)                  OT1/lmtt/m/n --> TU/lmtt/m/n on input line 167.
LaTeX Font Info:    Overwriting math alphabet `\mathtt' in version `bold'
(Font)                  OT1/lmtt/m/n --> TU/lmtt/m/n on input line 167.
LaTeX Font Info:    Overwriting symbol font `numbers' in version `bold'
(Font)                  TU/FiraSansLight(0)/m/n --> TU/FiraSansLight(0)/bx/n on
 input line 167.
LaTeX Font Info:    Overwriting symbol font `pureletters' in version `bold'
(Font)                  TU/FiraSansLight(0)/m/it --> TU/FiraSansLight(0)/bx/it 
on input line 167.
LaTeX Font Info:    Overwriting math alphabet `\mathrm' in version `bold'
(Font)                  OT1/FiraSansLight(0)/bx/n --> TU/lmr/bx/n on input line
 167.
LaTeX Font Info:    Overwriting math alphabet `\mathbf' in version `bold'
(Font)                  TU/FiraSansLight(0)/bx/n --> TU/FiraSansLight(0)/bx/n o
n input line 167.
LaTeX Font Info:    Overwriting math alphabet `\mathsf' in version `bold'
(Font)                  TU/FiraSansLight(0)/m/n --> TU/FiraSansLight(0)/bx/n on
 input line 167.
LaTeX Font Info:    Overwriting math alphabet `\mathit' in version `bold'
(Font)                  TU/FiraSansLight(0)/m/it --> TU/FiraSansLight(0)/bx/it 
on input line 167.
LaTeX Font Info:    Overwriting math alphabet `\mathtt' in version `bold'
(Font)                  TU/lmtt/m/n --> TU/lmtt/bx/n on input line 167.

(C:\Users\kilgore\AppData\Roaming\MiKTeX\2.9\tex/latex/translator\translator-ba
sic-dictionary-English.dict
Dictionary: translator-basic-dictionary, Language: English 
)
(C:\Users\kilgore\AppData\Roaming\MiKTeX\2.9\tex/latex/translator\translator-bi
bliography-dictionary-English.dict
Dictionary: translator-bibliography-dictionary, Language: English 
)
(C:\Users\kilgore\AppData\Roaming\MiKTeX\2.9\tex/latex/translator\translator-en
vironment-dictionary-English.dict
Dictionary: translator-environment-dictionary, Language: English 
)
(C:\Users\kilgore\AppData\Roaming\MiKTeX\2.9\tex/latex/translator\translator-mo
nths-dictionary-English.dict
Dictionary: translator-months-dictionary, Language: English 
)
(C:\Users\kilgore\AppData\Roaming\MiKTeX\2.9\tex/latex/translator\translator-nu
mbers-dictionary-English.dict
Dictionary: translator-numbers-dictionary, Language: English 
)
(C:\Users\kilgore\AppData\Roaming\MiKTeX\2.9\tex/latex/translator\translator-th
eorem-dictionary-English.dict
Dictionary: translator-theorem-dictionary, Language: English 
)
LaTeX Info: Redefining \microtypecontext on input line 167.
Package microtype Info: Character protrusion enabled (level 2).
Package microtype Info: Using protrusion set `basicmath'.
Package microtype Info: No adjustment of tracking.
Package microtype Info: No adjustment of spacing.
Package microtype Info: No adjustment of kerning.
Package microtype Info: Loading generic protrusion settings for font family
(microtype)             `FiraSansLight' (encoding: TU).
(microtype)             For optimal results, create family-specific settings.
(microtype)             See the microtype manual for details.
Package caption Info: Begin \AtBeginDocument code.
Package caption Info: End \AtBeginDocument code.
(13_uncertainty_2.nav)
LaTeX Font Info:    Font shape `TU/FiraSansLight(0)/m/n' will be
(Font)              scaled to size 4.94458pt on input line 167.
LaTeX Font Info:    Font shape `TU/FiraSansLight(0)/m/n' will be
(Font)              scaled to size 6.59277pt on input line 167.
LaTeX Font Info:    Font shape `TU/FiraSansLight(0)/m/n' will be
(Font)              scaled to size 11.86697pt on input line 172.
LaTeX Font Info:    Font shape `TU/FiraSansLight(0)/bx/n' will be
(Font)              scaled to size 11.77689pt on input line 172.
LaTeX Font Info:    Font shape `TU/FiraSansLight(0)/m/n' will be
(Font)              scaled to size 8.24097pt on input line 172.

Overfull \vbox (15.63992pt too high) detected at line 172
 []

[1

]
LaTeX Font Info:    Try loading font information for OT1+FiraSansLight(0) on in
put line 188.
LaTeX Font Info:    No file OT1FiraSansLight(0).fd. on input line 188.

LaTeX Font Warning: Font shape `OT1/FiraSansLight(0)/m/n' undefined
(Font)              using `OT1/cmr/m/n' instead on input line 188.

(C:\Users\kilgore\AppData\Roaming\MiKTeX\2.9\tex/latex/microtype\mt-cmr.cfg
File: mt-cmr.cfg 2013/05/19 v2.2 microtype config. file: Computer Modern Roman 
(RS)
)
LaTeX Font Info:    Try loading font information for OML+lmm on input line 188.

("C:\Program Files\MiKTeX 2.9\tex/latex/lm\omllmm.fd"
File: omllmm.fd 2009/10/30 v1.6 Font defs for Latin Modern
)
LaTeX Font Info:    Try loading font information for OMS+lmsy on input line 188
.
("C:\Program Files\MiKTeX 2.9\tex/latex/lm\omslmsy.fd"
File: omslmsy.fd 2009/10/30 v1.6 Font defs for Latin Modern
)
LaTeX Font Info:    Try loading font information for OMX+lmex on input line 188
.
("C:\Program Files\MiKTeX 2.9\tex/latex/lm\omxlmex.fd"
File: omxlmex.fd 2009/10/30 v1.6 Font defs for Latin Modern
)
LaTeX Font Info:    External font `lmex10' loaded for size
(Font)              <10.95> on input line 188.
LaTeX Font Info:    External font `lmex10' loaded for size
(Font)              <8> on input line 188.
LaTeX Font Info:    External font `lmex10' loaded for size
(Font)              <6> on input line 188.
LaTeX Font Info:    Try loading font information for U+msa on input line 188.
("C:\Program Files\MiKTeX 2.9\tex/latex/amsfonts\umsa.fd"
File: umsa.fd 2013/01/14 v3.01 AMS symbols A
) (C:\Users\kilgore\AppData\Roaming\MiKTeX\2.9\tex/latex/microtype\mt-msa.cfg
File: mt-msa.cfg 2006/02/04 v1.1 microtype config. file: AMS symbols (a) (RS)
)
LaTeX Font Info:    Try loading font information for U+msb on input line 188.
("C:\Program Files\MiKTeX 2.9\tex/latex/amsfonts\umsb.fd"
File: umsb.fd 2013/01/14 v3.01 AMS symbols B
) (C:\Users\kilgore\AppData\Roaming\MiKTeX\2.9\tex/latex/microtype\mt-msb.cfg
File: mt-msb.cfg 2005/06/01 v1.0 microtype config. file: AMS symbols (b) (RS)
)
LaTeX Font Info:    Font shape `TU/FiraSansLight(0)/m/it' will be
(Font)              scaled to size 9.02385pt on input line 188.
LaTeX Font Info:    Font shape `TU/FiraSansLight(0)/m/it' will be
(Font)              scaled to size 6.59277pt on input line 188.
LaTeX Font Info:    Font shape `TU/FiraSansLight(0)/m/it' will be
(Font)              scaled to size 4.94458pt on input line 188.
LaTeX Font Info:    Font shape `TU/FiraSansLight(0)/m/n' will be
(Font)              scaled to size 9.88916pt on input line 188.
LaTeX Font Info:    Font shape `TU/FiraSansLight(0)/bx/n' will be
(Font)              scaled to size 9.81409pt on input line 188.
LaTeX Font Info:    Font shape `TU/FiraSansLight(0)/m/n' will be
(Font)              scaled to size 3.29639pt on input line 188.
[2

] [3

] [4

]
\openout4 = `13_uncertainty_2.vrb'.

(13_uncertainty_2.vrb) [5

]
File: 13_uncertainty_2_files/figure-beamer/unnamed-chunk-2-1.pdf Graphic file (
type pdf)
<use 13_uncertainty_2_files/figure-beamer/unnamed-chunk-2-1.pdf>
[6

]
File: 13_uncertainty_2_files/figure-beamer/unnamed-chunk-3-1.pdf Graphic file (
type pdf)
<use 13_uncertainty_2_files/figure-beamer/unnamed-chunk-3-1.pdf>
[7

]
File: 13_uncertainty_2_files/figure-beamer/unnamed-chunk-4-1.pdf Graphic file (
type pdf)
<use 13_uncertainty_2_files/figure-beamer/unnamed-chunk-4-1.pdf>
Package microtype Info: Loading generic protrusion settings for font family
(microtype)             `FiraSansLight' (encoding: OT1).
(microtype)             For optimal results, create family-specific settings.
(microtype)             See the microtype manual for details.
LaTeX Font Info:    External font `lmex10' loaded for size
(Font)              <12> on input line 304.
LaTeX Font Info:    Font shape `TU/FiraSansLight(0)/m/it' will be
(Font)              scaled to size 9.88916pt on input line 304.
[8

]
File: 13_uncertainty_2_files/figure-beamer/unnamed-chunk-5-1.pdf Graphic file (
type pdf)
<use 13_uncertainty_2_files/figure-beamer/unnamed-chunk-5-1.pdf>
[9

] [10

] [11

] [12

] [13

] [14

] [15

]
\openout4 = `13_uncertainty_2.vrb'.

(13_uncertainty_2.vrb
LaTeX Font Info:    Font shape `TU/lmtt/bx/n' in size <6> not available
(Font)              Font shape `TU/lmtt/b/n' tried instead on input line 9.
) [16

]
\openout4 = `13_uncertainty_2.vrb'.

(13_uncertainty_2.vrb) [17

] [18

] [19

] [20

] [21

]
\openout4 = `13_uncertainty_2.vrb'.

(13_uncertainty_2.vrb) [22

]
\openout4 = `13_uncertainty_2.vrb'.

(13_uncertainty_2.vrb) [23

]
\openout4 = `13_uncertainty_2.vrb'.

(13_uncertainty_2.vrb)
Overfull \vbox (7.42702pt too high) detected at line 769
 []

[24

]
\openout4 = `13_uncertainty_2.vrb'.

(13_uncertainty_2.vrb
File: 13_uncertainty_2_files/figure-beamer/unnamed-chunk-11-1.pdf Graphic file 
(type pdf)
<use 13_uncertainty_2_files/figure-beamer/unnamed-chunk-11-1.pdf>
)
Overfull \vbox (11.7075pt too high) detected at line 788
 []

[25

] [26

] [27

]
\openout4 = `13_uncertainty_2.vrb'.

(13_uncertainty_2.vrb) [28

] [29

] [30

]
\openout4 = `13_uncertainty_2.vrb'.

(13_uncertainty_2.vrb) [31

]
\openout4 = `13_uncertainty_2.vrb'.

(13_uncertainty_2.vrb
File: 13_uncertainty_2_files/figure-beamer/unnamed-chunk-14-1.pdf Graphic file 
(type pdf)
<use 13_uncertainty_2_files/figure-beamer/unnamed-chunk-14-1.pdf>
) [32

]
\openout4 = `13_uncertainty_2.vrb'.

(13_uncertainty_2.vrb
File: 13_uncertainty_2_files/figure-beamer/unnamed-chunk-15-1.pdf Graphic file 
(type pdf)
<use 13_uncertainty_2_files/figure-beamer/unnamed-chunk-15-1.pdf>
) [33

] [34

]
\openout4 = `13_uncertainty_2.vrb'.

(13_uncertainty_2.vrb
File: 13_uncertainty_2_files/figure-beamer/unnamed-chunk-16-1.pdf Graphic file 
(type pdf)
<use 13_uncertainty_2_files/figure-beamer/unnamed-chunk-16-1.pdf>
) [35

] (13_uncertainty_2.vrb
File: 13_uncertainty_2_files/figure-beamer/unnamed-chunk-16-1.pdf Graphic file 
(type pdf)
<use 13_uncertainty_2_files/figure-beamer/unnamed-chunk-16-1.pdf>
) [36

]
File: 13_uncertainty_2_files/figure-beamer/unnamed-chunk-17-1.pdf Graphic file 
(type pdf)
<use 13_uncertainty_2_files/figure-beamer/unnamed-chunk-17-1.pdf>
[37

]
\openout4 = `13_uncertainty_2.vrb'.

(13_uncertainty_2.vrb) [38

]
\openout4 = `13_uncertainty_2.vrb'.

(13_uncertainty_2.vrb
File: 13_uncertainty_2_files/figure-beamer/unnamed-chunk-19-1.pdf Graphic file 
(type pdf)
<use 13_uncertainty_2_files/figure-beamer/unnamed-chunk-19-1.pdf>
) [39

]
\openout4 = `13_uncertainty_2.vrb'.

(13_uncertainty_2.vrb) [40

]
\openout4 = `13_uncertainty_2.vrb'.

(13_uncertainty_2.vrb) [41

]
File: 13_uncertainty_2_files/figure-beamer/unnamed-chunk-22-1.pdf Graphic file 
(type pdf)
<use 13_uncertainty_2_files/figure-beamer/unnamed-chunk-22-1.pdf>
[42

]
Overfull \vbox (3.95258pt too high) detected at line 1134
 []

[43

] [44

]
\tf@nav=\write7
\openout7 = `13_uncertainty_2.nav'.

\tf@toc=\write8
\openout8 = `13_uncertainty_2.toc'.

\tf@snm=\write9
\openout9 = `13_uncertainty_2.snm'.

Package atveryend Info: Empty hook `BeforeClearDocument' on input line 1159.
Package atveryend Info: Empty hook `AfterLastShipout' on input line 1159.
(13_uncertainty_2.aux)
Package atveryend Info: Empty hook `AtVeryEndDocument' on input line 1159.
Package atveryend Info: Executing hook `AtEndAfterFileList' on input line 1159.

Package rerunfilecheck Info: File `13_uncertainty_2.out' has not changed.
(rerunfilecheck)             Checksum: 47A279722B48B1AE5FE02B5C201C0F22.

LaTeX Font Warning: Some font shapes were not available, defaults substituted.

 ) 
Here is how much of TeX's memory you used:
 39798 strings out of 427669
 795646 string characters out of 3149215
 918845 words of memory out of 3000000
 43224 multiletter control sequences out of 15000+200000
 538633 words of font info for 75 fonts, out of 3000000 for 9000
 1348 hyphenation exceptions out of 8191
 71i,13n,145p,1821b,726s stack positions out of 5000i,500n,10000p,200000b,50000s

Output written on 13_uncertainty_2.pdf (44 pages).


! Sorry, but miktex-makemf did not succeed.

! The log file hopefully contains the information to get MiKTeX going again:

!   C:\Users\kilgore\AppData\Local\MiKTeX\2.9\miktex\log\miktex-makemf.log
! Couldn't open `Fira Mo.cfg'

! hbf2gf (CJK ver. 4.8.4)


! Sorry, but miktex-maketfm did not succeed.

! The log file hopefully contains the information to get MiKTeX going again:

!   C:\Users\kilgore\AppData\Local\MiKTeX\2.9\miktex\log\miktex-maketfm.log

! Sorry, but miktex-makemf did not succeed.

! The log file hopefully contains the information to get MiKTeX going again:

!   C:\Users\kilgore\AppData\Local\MiKTeX\2.9\miktex\log\miktex-makemf.log
! Couldn't open `Fira Mono Bo.cfg'

! hbf2gf (CJK ver. 4.8.4)


! Sorry, but miktex-maketfm did not succeed.

! The log file hopefully contains the information to get MiKTeX going again:

!   C:\Users\kilgore\AppData\Local\MiKTeX\2.9\miktex\log\miktex-maketfm.log

! Sorry, but miktex-makemf did not succeed.

! The log file hopefully contains the information to get MiKTeX going again:

!   C:\Users\kilgore\AppData\Local\MiKTeX\2.9\miktex\log\miktex-makemf.log
! Couldn't open `Fira Mono .cfg'

! hbf2gf (CJK ver. 4.8.4)


! Sorry, but miktex-maketfm did not succeed.

! The log file hopefully contains the information to get MiKTeX going again:

!   C:\Users\kilgore\AppData\Local\MiKTeX\2.9\miktex\log\miktex-maketfm.log

! Sorry, but miktex-makemf did not succeed.

! The log file hopefully contains the information to get MiKTeX going again:

!   C:\Users\kilgore\AppData\Local\MiKTeX\2.9\miktex\log\miktex-makemf.log
! Couldn't open `Fira Mono Bold .cfg'

! hbf2gf (CJK ver. 4.8.4)


! Sorry, but miktex-maketfm did not succeed.

! The log file hopefully contains the information to get MiKTeX going again:

!   C:\Users\kilgore\AppData\Local\MiKTeX\2.9\miktex\log\miktex-maketfm.log
